
=== Tue Jun 18 16:04:13 2024

Packages were changed.
Update Mode: updateDependencies

The following packages were added:
  com.unity.2d.sprite@1.0.0
  com.unity.2d.tilemap@1.0.0
  com.unity.ide.rider@3.0.28
  com.unity.ide.visualstudio@2.0.22
  com.unity.ide.vscode@1.2.5
  com.unity.modules.androidjni@1.0.0
  com.unity.test-framework@1.1.33
  com.unity.timeline@1.7.6
  com.unity.ugui@1.0.0
  com.unity.xr.legacyinputhelpers@2.1.10
  com.unity.ai.navigation@1.1.5
The following packages were updated:
  com.unity.collab-proxy from version 1.2.15 to 2.3.1
  com.unity.recorder from version 2.3.0-preview.3 to 4.0.2
  com.unity.textmeshpro from version 1.4.1 to 3.0.6
The following packages were removed:
  com.unity.package-manager-ui@2.0.13
